ISim log file
Running: /home/readout/Firmware_dev/my_acq_tb_isim_beh.exe -intstyle ise -gui -tclbatch isim.cmd -view /home/readout/Firmware_dev/strip_rx.wcfg -wdb /home/readout/Firmware_dev/my_acq_tb_isim_beh.wdb 
ISim P.20131013 (signature 0xfbc00daa)
This is a Full version of ISim.
Time resolution is 1 ps
# onerror resume
# run 500ns
Simulator is doing circuit initialization process.
Finished circuit initialization process.
# run 1000.00us
# run 10.00us
# run 10000.00us
# run 100.00us
# run all
Stopped at time : 43162715 ns : File "/home/readout/Firmware_dev/aquisition.vhd" Line 158
# run all
Stopped at time : 47480355 ns : File "/home/readout/Firmware_dev/aquisition.vhd" Line 335
ISim P.20131013 (signature 0xfbc00daa)
This is a Full version of ISim.
# run 500ns
Simulator is doing circuit initialization process.
Finished circuit initialization process.
# run all
Stopped at time : 12195055 ns : File "/home/readout/Firmware_dev/aquisition.vhd" Line 130
# exit 0
